#
# A fatal error has been detected by the Java Runtime Environment:
#
#  Internal Error (javaCalls.cpp:51), pid=1251, tid=0x0000000000004d03
#  guarantee(thread->is_Java_thread()) failed: crucial check - the VM thread cannot and must not escape to Java code
#
# JRE version: Java(TM) SE Runtime Environment (8.0_192-b12) (build 1.8.0_192-b12)
# Java VM: Java HotSpot(TM) 64-Bit Server VM (25.192-b12 mixed mode bsd-amd64 compressed oops)
# Failed to write core dump. Core dumps have been disabled. To enable core dumping, try "ulimit -c unlimited" before starting Java again
#
# If you would like to submit a bug report, please visit:
#   http://bugreport.java.com/bugreport/crash.jsp
#

---------------  T H R E A D  ---------------

Current thread (0x00007f93e5058000):  VMThread [stack: 0x0000700003777000,0x0000700003877000] [id=19715]

Stack: [0x0000700003777000,0x0000700003877000],  sp=0x0000700003875a80,  free space=1018k
Native frames: (J=compiled Java code, j=interpreted, Vv=VM code, C=native code)
V  [libjvm.dylib+0x5b5f9a]
V  [libjvm.dylib+0x1e9131]
V  [libjvm.dylib+0x2ef8ac]
V  [libjvm.dylib+0x2f0164]
V  [libjvm.dylib+0x2f0697]
V  [libjvm.dylib+0x243cf3]
V  [libjvm.dylib+0x243dee]
V  [libjvm.dylib+0x24404d]
V  [libjvm.dylib+0x244068]
V  [libjvm.dylib+0x287e9f]
V  [libjvm.dylib+0x28836b]
V  [libjvm.dylib+0x288425]
V  [libjvm.dylib+0x28ab4b]
V  [libjvm.dylib+0x28ad53]
V  [libjvm.dylib+0x28b2ea]
V  [libjvm.dylib+0x28b703]
V  [libjvm.dylib+0x4858d1]
V  [libjvm.dylib+0x485ada]
V  [libjvm.dylib+0x485cbb]
V  [libjvm.dylib+0x485f72]
V  [libjvm.dylib+0x2c3020]
V  [libjvm.dylib+0x4535fd]
V  [libjvm.dylib+0x39b50f]
V  [libjvm.dylib+0x5bdc19]
V  [libjvm.dylib+0x5bc1b1]
V  [libjvm.dylib+0x5bc5fe]
V  [libjvm.dylib+0x5bbf1d]
V  [libjvm.dylib+0x48e96a]
C  [libsystem_pthread.dylib+0x3661]  _pthread_body+0x154
C  [libsystem_pthread.dylib+0x350d]  _pthread_body+0x0
C  [libsystem_pthread.dylib+0x2bf9]  thread_start+0xd

VM_Operation (0x0000700003c82938): GetOrSetLocal, mode: safepoint, requested by thread 0x00007f93e5810000


---------------  P R O C E S S  ---------------

Java Threads: ( => current thread )
  0x00007f93e5030800 JavaThread "Service Thread" daemon [_thread_blocked, id=22531, stack(0x0000700004298000,0x0000700004398000)]
  0x00007f93e502d800 JavaThread "C1 CompilerThread3" daemon [_thread_blocked, id=22019, stack(0x0000700004195000,0x0000700004295000)]
  0x00007f93e502d000 JavaThread "C2 CompilerThread2" daemon [_thread_blocked, id=17667, stack(0x0000700004092000,0x0000700004192000)]
  0x00007f93e502c000 JavaThread "C2 CompilerThread1" daemon [_thread_blocked, id=18179, stack(0x0000700003f8f000,0x000070000408f000)]
  0x00007f93e4824800 JavaThread "C2 CompilerThread0" daemon [_thread_blocked, id=17155, stack(0x0000700003e8c000,0x0000700003f8c000)]
  0x00007f93e4001000 JavaThread "JDWP Command Reader" daemon [_thread_in_native, id=16643, stack(0x0000700003d89000,0x0000700003e89000)]
  0x00007f93e5811000 JavaThread "JDWP Event Helper Thread" daemon [_thread_blocked, id=16131, stack(0x0000700003c86000,0x0000700003d86000)]
  0x00007f93e5810000 JavaThread "JDWP Transport Listener: dt_socket" daemon [_thread_blocked, id=15623, stack(0x0000700003b83000,0x0000700003c83000)]
  0x00007f93e2817000 JavaThread "Signal Dispatcher" daemon [_thread_blocked, id=15367, stack(0x0000700003a80000,0x0000700003b80000)]
  0x00007f93e4802000 JavaThread "Finalizer" daemon [_thread_blocked, id=19459, stack(0x000070000397d000,0x0000700003a7d000)]
  0x00007f93e280e800 JavaThread "Reference Handler" daemon [_thread_blocked, id=12547, stack(0x000070000387a000,0x000070000397a000)]
  0x00007f93e3018000 JavaThread "main" [_thread_blocked, id=10243, stack(0x0000700002e5c000,0x0000700002f5c000)]

Other Threads:
=>0x00007f93e5058000 VMThread [stack: 0x0000700003777000,0x0000700003877000] [id=19715]
  0x00007f93e5031000 WatcherThread [stack: 0x000070000439b000,0x000070000449b000] [id=43011]

VM state:at safepoint (normal execution)

VM Mutex/Monitor currently owned by a thread:  ([mutex/lock_event])
[0x00007f93e2402350] Threads_lock - owner thread: 0x00007f93e5058000

heap address: 0x0000000740000000, size: 2048 MB, Compressed Oops mode: Zero based, Oop shift amount: 3
Narrow klass base: 0x0000000000000000, Narrow klass shift: 3
Compressed class space size: 1073741824 Address: 0x00000007c0000000

Heap:
 PSYoungGen      total 38400K, used 3337K [0x0000000795580000, 0x0000000798000000, 0x00000007c0000000)
  eden space 33280K, 10% used [0x0000000795580000,0x00000007958c2448,0x0000000797600000)
  from space 5120K, 0% used [0x0000000797b00000,0x0000000797b00000,0x0000000798000000)
  to   space 5120K, 0% used [0x0000000797600000,0x0000000797600000,0x0000000797b00000)
 ParOldGen       total 87552K, used 0K [0x0000000740000000, 0x0000000745580000, 0x0000000795580000)
  object space 87552K, 0% used [0x0000000740000000,0x0000000740000000,0x0000000745580000)
 Metaspace       used 3214K, capacity 4664K, committed 4864K, reserved 1056768K
  class space    used 340K, capacity 424K, committed 512K, reserved 1048576K

Card table byte_map: [0x0000000101a54000,0x0000000101e55000] byte_map_base: 0x00000000fe054000

Marking Bits: (ParMarkBitMap*) 0x0000000102e09e40
 Begin Bits: [0x00000001124c5000, 0x00000001144c5000)
 End Bits:   [0x00000001144c5000, 0x00000001164c5000)

Polling page: 0x0000000100595000

CodeCache: size=245760Kb used=1137Kb max_used=1137Kb free=244622Kb
 bounds [0x00000001034c5000, 0x0000000103735000, 0x00000001124c5000]
 total_blobs=264 nmethods=30 adapters=157
 compilation: enabled

Compilation events (10 events):
Event: 0.164 Thread 0x00007f93e502d800   24  s    3       sun.misc.URLClassPath::getNextLoader (88 bytes)
Event: 0.164 Thread 0x00007f93e502d800 nmethod 24 0x00000001035da490 code [0x00000001035da680, 0x00000001035daf28]
Event: 0.166 Thread 0x00007f93e502d800   27       3       java.lang.System::getSecurityManager (4 bytes)
Event: 0.166 Thread 0x00007f93e502d800 nmethod 27 0x00000001035da190 code [0x00000001035da2e0, 0x00000001035da430]
Event: 0.166 Thread 0x00007f93e502d800   28       3       java.lang.StringBuilder::append (8 bytes)
Event: 0.167 Thread 0x00007f93e502d800 nmethod 28 0x00000001035d96d0 code [0x00000001035d9880, 0x00000001035d9e18]
Event: 0.167 Thread 0x00007f93e502d800   29       3       java.lang.AbstractStringBuilder::append (29 bytes)
Event: 0.167 Thread 0x00007f93e502d800 nmethod 29 0x00000001035d8d50 code [0x00000001035d8f00, 0x00000001035d9438]
Event: 1196.706 Thread 0x00007f93e502d800   30       3       java.util.HashMap::get (23 bytes)
Event: 1196.707 Thread 0x00007f93e502d800 nmethod 30 0x00000001035d8650 code [0x00000001035d87e0, 0x00000001035d8bf8]

GC Heap History (0 events):
No events

Deoptimization events (0 events):
No events

Classes redefined (5 events):
Event: 585.270 Thread 0x00007f93e5058000 redefined class name=Board, count=1
Event: 854.948 Thread 0x00007f93e5058000 redefined class name=Agent, count=1
Event: 884.082 Thread 0x00007f93e5058000 redefined class name=Agent, count=2
Event: 1196.706 Thread 0x00007f93e5058000 redefined class name=Agent, count=3
Event: 1196.707 Thread 0x00007f93e5058000 redefined class name=Board, count=2

Internal exceptions (2 events):
Event: 0.031 Thread 0x00007f93e3018000 Exception <a 'java/lang/NoSuchMethodError': Method sun.misc.Unsafe.defineClass(Ljava/lang/String;[BII)Ljava/lang/Class; name or signature does not match> (0x0000000795587cb0) thrown at [/Users/java_re/workspace/8-2-build-macosx-x86_64/jdk8u192/11897/hotsp
Event: 0.031 Thread 0x00007f93e3018000 Exception <a 'java/lang/NoSuchMethodError': Method sun.misc.Unsafe.prefetchRead(Ljava/lang/Object;J)V name or signature does not match> (0x0000000795587f98) thrown at [/Users/java_re/workspace/8-2-build-macosx-x86_64/jdk8u192/11897/hotspot/src/share/vm/pr

Events (10 events):
Event: 1196.707 Executing VM operation: RedefineClasses done
Event: 1196.708 Executing VM operation: GetOrSetLocal
Event: 1196.708 Executing VM operation: GetOrSetLocal done
Event: 1196.713 Executing VM operation: ChangeBreakpoints
Event: 1196.713 Executing VM operation: ChangeBreakpoints done
Event: 1196.719 Executing VM operation: ChangeBreakpoints
Event: 1196.719 Executing VM operation: ChangeBreakpoints done
Event: 1196.720 Executing VM operation: GetOrSetLocal
Event: 1196.721 Executing VM operation: GetOrSetLocal done
Event: 1196.721 Executing VM operation: GetOrSetLocal


Dynamic libraries:
0x00007fff56123000 	/System/Library/Frameworks/Cocoa.framework/Versions/A/Cocoa
0x00007fff6273d000 	/System/Library/Frameworks/Security.framework/Versions/A/Security
0x00007fff54d65000 	/System/Library/Frameworks/ApplicationServices.framework/Versions/A/ApplicationServices
0x00007fff7e667000 	/usr/lib/libz.1.dylib
0x00007fff7c598000 	/usr/lib/libSystem.B.dylib
0x00007fff7dc51000 	/usr/lib/libobjc.A.dylib
0x00007fff568d6000 	/System/Library/Frameworks/CoreFoundation.framework/Versions/A/CoreFoundation
0x00007fff58a37000 	/System/Library/Frameworks/Foundation.framework/Versions/C/Foundation
0x00007fff53eb5000 	/System/Library/Frameworks/AppKit.framework/Versions/C/AppKit
0x00007fff5649b000 	/System/Library/Frameworks/CoreData.framework/Versions/A/CoreData
0x00007fff75e51000 	/System/Library/PrivateFrameworks/RemoteViewServices.framework/Versions/A/RemoteViewServices
0x00007fff7a5ca000 	/System/Library/PrivateFrameworks/UIFoundation.framework/Versions/A/UIFoundation
0x00007fff6ac52000 	/System/Library/PrivateFrameworks/DFRFoundation.framework/Versions/A/DFRFoundation
0x00007fff5b0a3000 	/System/Library/Frameworks/Metal.framework/Versions/A/Metal
0x00007fff6adef000 	/System/Library/PrivateFrameworks/DesktopServicesPriv.framework/Versions/A/DesktopServicesPriv
0x00007fff7d19e000 	/usr/lib/libenergytrace.dylib
0x00007fff78636000 	/System/Library/PrivateFrameworks/SkyLight.framework/Versions/A/SkyLight
0x00007fff56d79000 	/System/Library/Frameworks/CoreGraphics.framework/Versions/A/CoreGraphics
0x00007fff7c593000 	/usr/lib/libScreenReader.dylib
0x00007fff52e4f000 	/System/Library/Frameworks/Accelerate.framework/Versions/A/Accelerate
0x00007fff591b1000 	/System/Library/Frameworks/IOSurface.framework/Versions/A/IOSurface
0x00007fff552af000 	/System/Library/Frameworks/AudioToolbox.framework/Versions/A/AudioToolbox
0x00007fff5553f000 	/System/Library/Frameworks/AudioUnit.framework/Versions/A/AudioUnit
0x00007fff6acea000 	/System/Library/PrivateFrameworks/DataDetectorsCore.framework/Versions/A/DataDetectorsCore
0x00007fff55c16000 	/System/Library/Frameworks/Carbon.framework/Versions/A/Frameworks/HIToolbox.framework/Versions/A/HIToolbox
0x00007fff7d2f8000 	/usr/lib/libicucore.A.dylib
0x00007fff61cbb000 	/System/Library/Frameworks/QuartzCore.framework/Versions/A/QuartzCore
0x00007fff778d8000 	/System/Library/PrivateFrameworks/SignpostNotification.framework/Versions/A/SignpostNotification
0x00007fff55ffc000 	/System/Library/Frameworks/Carbon.framework/Versions/A/Frameworks/SpeechRecognition.framework/Versions/A/SpeechRecognition
0x00007fff7c6f4000 	/usr/lib/libauto.dylib
0x00007fff7e556000 	/usr/lib/libxml2.2.dylib
0x00007fff6a8a2000 	/System/Library/PrivateFrameworks/CoreUI.framework/Versions/A/CoreUI
0x00007fff56377000 	/System/Library/Frameworks/CoreAudio.framework/Versions/A/CoreAudio
0x00007fff58871000 	/System/Library/Frameworks/DiskArbitration.framework/Versions/A/DiskArbitration
0x00007fff7d56c000 	/usr/lib/liblangid.dylib
0x00007fff7235c000 	/System/Library/PrivateFrameworks/MultitouchSupport.framework/Versions/A/MultitouchSupport
0x00007fff59114000 	/System/Library/Frameworks/IOKit.framework/Versions/A/IOKit
0x00007fff7c222000 	/usr/lib/libDiagnosticMessagesClient.dylib
0x00007fff57a4f000 	/System/Library/Frameworks/CoreServices.framework/Versions/A/CoreServices
0x00007fff73e8d000 	/System/Library/PrivateFrameworks/PerformanceAnalysis.framework/Versions/A/PerformanceAnalysis
0x00007fff60e5d000 	/System/Library/Frameworks/OpenGL.framework/Versions/A/OpenGL
0x00007fff56131000 	/System/Library/Frameworks/ColorSync.framework/Versions/A/ColorSync
0x00007fff5738b000 	/System/Library/Frameworks/CoreImage.framework/Versions/A/CoreImage
0x00007fff583df000 	/System/Library/Frameworks/CoreText.framework/Versions/A/CoreText
0x00007fff5920f000 	/System/Library/Frameworks/ImageIO.framework/Versions/A/ImageIO
0x00007fff6754e000 	/System/Library/PrivateFrameworks/Backup.framework/Versions/A/Backup
0x00007fff7c644000 	/usr/lib/libarchive.2.dylib
0x00007fff55862000 	/System/Library/Frameworks/CFNetwork.framework/Versions/A/CFNetwork
0x00007fff62ed0000 	/System/Library/Frameworks/SystemConfiguration.framework/Versions/A/SystemConfiguration
0x00007fff7c14b000 	/usr/lib/libCRFSuite.dylib
0x00007fff7c7cd000 	/usr/lib/libc++.1.dylib
0x00007fff7c824000 	/usr/lib/libc++abi.dylib
0x00007fff7e715000 	/usr/lib/system/libcache.dylib
0x00007fff7e71a000 	/usr/lib/system/libcommonCrypto.dylib
0x00007fff7e725000 	/usr/lib/system/libcompiler_rt.dylib
0x00007fff7e72d000 	/usr/lib/system/libcopyfile.dylib
0x00007fff7e737000 	/usr/lib/system/libcorecrypto.dylib
0x00007fff7e844000 	/usr/lib/system/libdispatch.dylib
0x00007fff7e87e000 	/usr/lib/system/libdyld.dylib
0x00007fff7e89c000 	/usr/lib/system/libkeymgr.dylib
0x00007fff7e8aa000 	/usr/lib/system/liblaunch.dylib
0x00007fff7e8ab000 	/usr/lib/system/libmacho.dylib
0x00007fff7e8b0000 	/usr/lib/system/libquarantine.dylib
0x00007fff7e8b3000 	/usr/lib/system/libremovefile.dylib
0x00007fff7e8b5000 	/usr/lib/system/libsystem_asl.dylib
0x00007fff7e8cd000 	/usr/lib/system/libsystem_blocks.dylib
0x00007fff7e8ce000 	/usr/lib/system/libsystem_c.dylib
0x00007fff7e958000 	/usr/lib/system/libsystem_configuration.dylib
0x00007fff7e95c000 	/usr/lib/system/libsystem_coreservices.dylib
0x00007fff7e960000 	/usr/lib/system/libsystem_darwin.dylib
0x00007fff7e962000 	/usr/lib/system/libsystem_dnssd.dylib
0x00007fff7e969000 	/usr/lib/system/libsystem_info.dylib
0x00007fff7e9da000 	/usr/lib/system/libsystem_m.dylib
0x00007fff7ea26000 	/usr/lib/system/libsystem_malloc.dylib
0x00007fff7ea46000 	/usr/lib/system/libsystem_network.dylib
0x00007fff7eb77000 	/usr/lib/system/libsystem_networkextension.dylib
0x00007fff7eb82000 	/usr/lib/system/libsystem_notify.dylib
0x00007fff7eba0000 	/usr/lib/system/libsystem_sandbox.dylib
0x00007fff7eba4000 	/usr/lib/system/libsystem_secinit.dylib
0x00007fff7e9b3000 	/usr/lib/system/libsystem_kernel.dylib
0x00007fff7eb8c000 	/usr/lib/system/libsystem_platform.dylib
0x00007fff7eb94000 	/usr/lib/system/libsystem_pthread.dylib
0x00007fff7eba6000 	/usr/lib/system/libsystem_symptoms.dylib
0x00007fff7ebae000 	/usr/lib/system/libsystem_trace.dylib
0x00007fff7ebc3000 	/usr/lib/system/libunwind.dylib
0x00007fff7ebc9000 	/usr/lib/system/libxpc.dylib
0x00007fff7c05e000 	/usr/lib/closure/libclosured.dylib
0x00007fff7c7ae000 	/usr/lib/libbsm.0.dylib
0x00007fff7e89d000 	/usr/lib/system/libkxld.dylib
0x00007fff7c45c000 	/usr/lib/libOpenScriptingUtil.dylib
0x00007fff7cb1d000 	/usr/lib/libcoretls.dylib
0x00007fff7cb36000 	/usr/lib/libcoretls_cfhelpers.dylib
0x00007fff7e052000 	/usr/lib/libpam.2.dylib
0x00007fff7e179000 	/usr/lib/libsqlite3.dylib
0x00007fff7e545000 	/usr/lib/libxar.1.dylib
0x00007fff7c7bf000 	/usr/lib/libbz2.1.0.dylib
0x00007fff7d56e000 	/usr/lib/liblzma.5.dylib
0x00007fff7da4f000 	/usr/lib/libnetwork.dylib
0x00007fff7c62d000 	/usr/lib/libapple_nghttp2.dylib
0x00007fff7e059000 	/usr/lib/libpcap.A.dylib
0x00007fff7c6f5000 	/usr/lib/libboringssl.dylib
0x00007fff7e4e0000 	/usr/lib/libusrtcp.dylib
0x00007fff7c62c000 	/usr/lib/libapple_crypto.dylib
0x00007fff57dd2000 	/System/Library/Frameworks/CoreServices.framework/Versions/A/Frameworks/FSEvents.framework/Versions/A/FSEvents
0x00007fff57ac5000 	/System/Library/Frameworks/CoreServices.framework/Versions/A/Frameworks/CarbonCore.framework/Versions/A/CarbonCore
0x00007fff57f99000 	/System/Library/Frameworks/CoreServices.framework/Versions/A/Frameworks/Metadata.framework/Versions/A/Metadata
0x00007fff5804a000 	/System/Library/Frameworks/CoreServices.framework/Versions/A/Frameworks/OSServices.framework/Versions/A/OSServices
0x00007fff580ab000 	/System/Library/Frameworks/CoreServices.framework/Versions/A/Frameworks/SearchKit.framework/Versions/A/SearchKit
0x00007fff57a50000 	/System/Library/Frameworks/CoreServices.framework/Versions/A/Frameworks/AE.framework/Versions/A/AE
0x00007fff57ddb000 	/System/Library/Frameworks/CoreServices.framework/Versions/A/Frameworks/LaunchServices.framework/Versions/A/LaunchServices
0x00007fff57d9d000 	/System/Library/Frameworks/CoreServices.framework/Versions/A/Frameworks/DictionaryServices.framework/Versions/A/DictionaryServices
0x00007fff5811a000 	/System/Library/Frameworks/CoreServices.framework/Versions/A/Frameworks/SharedFileList.framework/Versions/A/SharedFileList
0x00007fff5c2d9000 	/System/Library/Frameworks/NetFS.framework/Versions/A/NetFS
0x00007fff725ed000 	/System/Library/PrivateFrameworks/NetAuth.framework/Versions/A/NetAuth
0x00007fff7bef5000 	/System/Library/PrivateFrameworks/login.framework/Versions/A/Frameworks/loginsupport.framework/Versions/A/loginsupport
0x00007fff7a247000 	/System/Library/PrivateFrameworks/TCC.framework/Versions/A/TCC
0x00007fff7d64f000 	/usr/lib/libmecabra.dylib
0x00007fff54d66000 	/System/Library/Frameworks/ApplicationServices.framework/Versions/A/Frameworks/ATS.framework/Versions/A/ATS
0x00007fff55114000 	/System/Library/Frameworks/ApplicationServices.framework/Versions/A/Frameworks/ColorSyncLegacy.framework/Versions/A/ColorSyncLegacy
0x00007fff551b8000 	/System/Library/Frameworks/ApplicationServices.framework/Versions/A/Frameworks/HIServices.framework/Versions/A/HIServices
0x00007fff5520b000 	/System/Library/Frameworks/ApplicationServices.framework/Versions/A/Frameworks/LangAnalysis.framework/Versions/A/LangAnalysis
0x00007fff5521a000 	/System/Library/Frameworks/ApplicationServices.framework/Versions/A/Frameworks/PrintCore.framework/Versions/A/PrintCore
0x00007fff55267000 	/System/Library/Frameworks/ApplicationServices.framework/Versions/A/Frameworks/QD.framework/Versions/A/QD
0x00007fff552a2000 	/System/Library/Frameworks/ApplicationServices.framework/Versions/A/Frameworks/SpeechSynthesis.framework/Versions/A/SpeechSynthesis
0x00007fff567f2000 	/System/Library/Frameworks/CoreDisplay.framework/Versions/A/CoreDisplay
0x00007fff52e67000 	/System/Library/Frameworks/Accelerate.framework/Versions/A/Frameworks/vImage.framework/Versions/A/vImage
0x00007fff53bc1000 	/System/Library/Frameworks/Accelerate.framework/Versions/A/Frameworks/vecLib.framework/Versions/A/vecLib
0x00007fff53961000 	/System/Library/Frameworks/Accelerate.framework/Versions/A/Frameworks/vecLib.framework/Versions/A/libvDSP.dylib
0x00007fff534c1000 	/System/Library/Frameworks/Accelerate.framework/Versions/A/Frameworks/vecLib.framework/Versions/A/libBNNS.dylib
0x00007fff538c6000 	/System/Library/Frameworks/Accelerate.framework/Versions/A/Frameworks/vecLib.framework/Versions/A/libQuadrature.dylib
0x00007fff53b0f000 	/System/Library/Frameworks/Accelerate.framework/Versions/A/Frameworks/vecLib.framework/Versions/A/libvMisc.dylib
0x00007fff534f0000 	/System/Library/Frameworks/Accelerate.framework/Versions/A/Frameworks/vecLib.framework/Versions/A/libLAPACK.dylib
0x00007fff53366000 	/System/Library/Frameworks/Accelerate.framework/Versions/A/Frameworks/vecLib.framework/Versions/A/libBLAS.dylib
0x00007fff538b0000 	/System/Library/Frameworks/Accelerate.framework/Versions/A/Frameworks/vecLib.framework/Versions/A/libLinearAlgebra.dylib
0x00007fff538cc000 	/System/Library/Frameworks/Accelerate.framework/Versions/A/Frameworks/vecLib.framework/Versions/A/libSparse.dylib
0x00007fff5394d000 	/System/Library/Frameworks/Accelerate.framework/Versions/A/Frameworks/vecLib.framework/Versions/A/libSparseBLAS.dylib
0x00007fff6f42e000 	/System/Library/PrivateFrameworks/GPUWrangler.framework/Versions/A/GPUWrangler
0x00007fff70bbf000 	/System/Library/PrivateFrameworks/IOAccelerator.framework/Versions/A/IOAccelerator
0x00007fff70bca000 	/System/Library/PrivateFrameworks/IOPresentment.framework/Versions/A/IOPresentment
0x00007fff6ac64000 	/System/Library/PrivateFrameworks/DSExternalDisplay.framework/Versions/A/DSExternalDisplay
0x00007fff602dc000 	/System/Library/Frameworks/OpenGL.framework/Versions/A/Libraries/libCoreFSCache.dylib
0x00007fff58530000 	/System/Library/Frameworks/CoreVideo.framework/Versions/A/CoreVideo
0x00007fff701a9000 	/System/Library/PrivateFrameworks/GraphVisualizer.framework/Versions/A/GraphVisualizer
0x00007fff5b2da000 	/System/Library/Frameworks/MetalPerformanceShaders.framework/Versions/A/MetalPerformanceShaders
0x00007fff7c25a000 	/usr/lib/libFosl_dynamic.dylib
0x00007fff6bd38000 	/System/Library/PrivateFrameworks/FaceCore.framework/Versions/A/FaceCore
0x00007fff5f0d7000 	/System/Library/Frameworks/OpenCL.framework/Versions/A/OpenCL
0x00007fff7c85b000 	/usr/lib/libcompression.dylib
0x00007fff54e65000 	/System/Library/Frameworks/ApplicationServices.framework/Versions/A/Frameworks/ATS.framework/Versions/A/Resources/libFontParser.dylib
0x00007fff54f88000 	/System/Library/Frameworks/ApplicationServices.framework/Versions/A/Frameworks/ATS.framework/Versions/A/Resources/libFontRegistry.dylib
0x00007fff59477000 	/System/Library/Frameworks/ImageIO.framework/Versions/A/Resources/libJPEG.dylib
0x00007fff597a0000 	/System/Library/Frameworks/ImageIO.framework/Versions/A/Resources/libTIFF.dylib
0x00007fff59776000 	/System/Library/Frameworks/ImageIO.framework/Versions/A/Resources/libPng.dylib
0x00007fff5938a000 	/System/Library/Frameworks/ImageIO.framework/Versions/A/Resources/libGIF.dylib
0x00007fff5938f000 	/System/Library/Frameworks/ImageIO.framework/Versions/A/Resources/libJP2.dylib
0x00007fff5979d000 	/System/Library/Frameworks/ImageIO.framework/Versions/A/Resources/libRadiance.dylib
0x00007fff66c78000 	/System/Library/PrivateFrameworks/AppleJPEG.framework/Versions/A/AppleJPEG
0x00007fff5b141000 	/System/Library/Frameworks/MetalPerformanceShaders.framework/Frameworks/MPSCore.framework/Versions/A/MPSCore
0x00007fff5b15d000 	/System/Library/Frameworks/MetalPerformanceShaders.framework/Frameworks/MPSImage.framework/Versions/A/MPSImage
0x00007fff5b1f2000 	/System/Library/Frameworks/MetalPerformanceShaders.framework/Frameworks/MPSNeuralNetwork.framework/Versions/A/MPSNeuralNetwork
0x00007fff5b1cd000 	/System/Library/Frameworks/MetalPerformanceShaders.framework/Frameworks/MPSMatrix.framework/Versions/A/MPSMatrix
0x00007fff720c0000 	/System/Library/PrivateFrameworks/MetalTools.framework/Versions/A/MetalTools
0x00007fff604a7000 	/System/Library/Frameworks/OpenGL.framework/Versions/A/Libraries/libGLU.dylib
0x00007fff602e7000 	/System/Library/Frameworks/OpenGL.framework/Versions/A/Libraries/libGFXShared.dylib
0x00007fff602f1000 	/System/Library/Frameworks/OpenGL.framework/Versions/A/Libraries/libGL.dylib
0x00007fff602fd000 	/System/Library/Frameworks/OpenGL.framework/Versions/A/Libraries/libGLImage.dylib
0x00007fff602d9000 	/System/Library/Frameworks/OpenGL.framework/Versions/A/Libraries/libCVMSPluginSupport.dylib
0x00007fff602e2000 	/System/Library/Frameworks/OpenGL.framework/Versions/A/Libraries/libCoreVMClient.dylib
0x00007fff7d008000 	/usr/lib/libcups.2.dylib
0x00007fff5a6a8000 	/System/Library/Frameworks/Kerberos.framework/Versions/A/Kerberos
0x00007fff58e6e000 	/System/Library/Frameworks/GSS.framework/Versions/A/GSS
0x00007fff7e10c000 	/usr/lib/libresolv.9.dylib
0x00007fff7d206000 	/usr/lib/libiconv.2.dylib
0x00007fff7023b000 	/System/Library/PrivateFrameworks/Heimdal.framework/Versions/A/Heimdal
0x00007fff7d1d5000 	/usr/lib/libheimdal-asn1.dylib
0x00007fff5f14f000 	/System/Library/Frameworks/OpenDirectory.framework/Versions/A/OpenDirectory
0x00007fff68f8f000 	/System/Library/PrivateFrameworks/CommonAuth.framework/Versions/A/CommonAuth
0x00007fff5f132000 	/System/Library/Frameworks/OpenDirectory.framework/Versions/A/Frameworks/CFOpenDirectory.framework/Versions/A/CFOpenDirectory
0x00007fff62a69000 	/System/Library/Frameworks/SecurityFoundation.framework/Versions/A/SecurityFoundation
0x00007fff65e3d000 	/System/Library/PrivateFrameworks/APFS.framework/Versions/A/APFS
0x00007fff7e541000 	/usr/lib/libutil.dylib
0x00007fff66cfb000 	/System/Library/PrivateFrameworks/AppleSauce.framework/Versions/A/AppleSauce
0x00007fff713a7000 	/System/Library/PrivateFrameworks/LinguisticData.framework/Versions/A/LinguisticData
0x00007fff7d588000 	/usr/lib/libmarisa.dylib
0x00007fff71361000 	/System/Library/PrivateFrameworks/Lexicon.framework/Versions/A/Lexicon
0x00007fff7c185000 	/usr/lib/libChineseTokenizer.dylib
0x00007fff7c84a000 	/usr/lib/libcmph.dylib
0x00007fff7126b000 	/System/Library/PrivateFrameworks/LanguageModeling.framework/Versions/A/LanguageModeling
0x00007fff69aac000 	/System/Library/PrivateFrameworks/CoreEmoji.framework/Versions/A/CoreEmoji
0x00007fff62b27000 	/System/Library/Frameworks/ServiceManagement.framework/Versions/A/ServiceManagement
0x00007fff67546000 	/System/Library/PrivateFrameworks/BackgroundTaskManagement.framework/Versions/A/BackgroundTaskManagement
0x00007fff7e63e000 	/usr/lib/libxslt.1.dylib
0x00007fff55f26000 	/System/Library/Frameworks/Carbon.framework/Versions/A/Frameworks/Ink.framework/Versions/A/Ink
0x00007fff7a45c000 	/System/Library/PrivateFrameworks/TextureIO.framework/Versions/A/TextureIO
0x00007fff7c66f000 	/usr/lib/libate.dylib
0x00007fff6abc3000 	/System/Library/PrivateFrameworks/CrashReporterSupport.framework/Versions/A/CrashReporterSupport
0x00007fff77798000 	/System/Library/PrivateFrameworks/Sharing.framework/Versions/A/Sharing
0x00007fff70fac000 	/System/Library/PrivateFrameworks/IconServices.framework/Versions/A/IconServices
0x00007fff67176000 	/System/Library/PrivateFrameworks/AuthKit.framework/Versions/A/AuthKit
0x00007fff66afb000 	/System/Library/PrivateFrameworks/Apple80211.framework/Versions/A/Apple80211
0x00007fff6a9d8000 	/System/Library/PrivateFrameworks/CoreUtils.framework/Versions/A/CoreUtils
0x00007fff5856b000 	/System/Library/Frameworks/CoreWLAN.framework/Versions/A/CoreWLAN
0x00007fff58fb0000 	/System/Library/Frameworks/IOBluetooth.framework/Versions/A/IOBluetooth
0x00007fff75c5c000 	/System/Library/PrivateFrameworks/ProtocolBuffer.framework/Versions/A/ProtocolBuffer
0x00007fff722b7000 	/System/Library/PrivateFrameworks/MobileKeyBag.framework/Versions/A/MobileKeyBag
0x00007fff6a250000 	/System/Library/PrivateFrameworks/CorePhoneNumbers.framework/Versions/A/CorePhoneNumbers
0x00007fff66c33000 	/System/Library/PrivateFrameworks/AppleIDAuthSupport.framework/Versions/A/AppleIDAuthSupport
0x00007fff71257000 	/System/Library/PrivateFrameworks/KeychainCircle.framework/Versions/A/KeychainCircle
0x00007fff6ab5e000 	/System/Library/PrivateFrameworks/CoreWiFi.framework/Versions/A/CoreWiFi
0x00007fff56471000 	/System/Library/Frameworks/CoreBluetooth.framework/Versions/A/CoreBluetooth
0x00007fff6adae000 	/System/Library/PrivateFrameworks/DebugSymbols.framework/Versions/A/DebugSymbols
0x00007fff6a78e000 	/System/Library/PrivateFrameworks/CoreSymbolication.framework/Versions/A/CoreSymbolication
0x00007fff79c4e000 	/System/Library/PrivateFrameworks/Symbolication.framework/Versions/A/Symbolication
0x00007fff66b25000 	/System/Library/PrivateFrameworks/AppleFSCompression.framework/Versions/A/AppleFSCompression
0x00007fff7909b000 	/System/Library/PrivateFrameworks/SpeechRecognitionCore.framework/Versions/A/SpeechRecognitionCore
0x000000010250f000 	/Library/Java/JavaVirtualMachines/jdk1.8.0_192.jdk/Contents/Home/jre/lib/server/libjvm.dylib
0x00007fff7e40e000 	/usr/lib/libstdc++.6.0.9.dylib
0x0000000100551000 	/Library/Java/JavaVirtualMachines/jdk1.8.0_192.jdk/Contents/Home/jre/lib/libverify.dylib
0x000000010055f000 	/Library/Java/JavaVirtualMachines/jdk1.8.0_192.jdk/Contents/Home/jre/lib/libjava.dylib
0x0000000100596000 	/Library/Java/JavaVirtualMachines/jdk1.8.0_192.jdk/Contents/Home/jre/lib/libjdwp.dylib
0x00000001005e1000 	/Library/Java/JavaVirtualMachines/jdk1.8.0_192.jdk/Contents/Home/jre/lib/libnpt.dylib
0x0000000101600000 	/Library/Java/JavaVirtualMachines/jdk1.8.0_192.jdk/Contents/Home/jre/lib/libinstrument.dylib
0x00000001005ef000 	/Library/Java/JavaVirtualMachines/jdk1.8.0_192.jdk/Contents/Home/jre/lib/libzip.dylib
0x000000011a667000 	/Library/Java/JavaVirtualMachines/jdk1.8.0_192.jdk/Contents/Home/jre/lib/libdt_socket.dylib

VM Arguments:
jvm_args: -agentlib:jdwp=transport=dt_socket,address=127.0.0.1:51786,suspend=y,server=n -javaagent:/Users/xiaoshiwang/Library/Caches/IntelliJIdea2018.2/captureAgent/debugger-agent.jar=file:/private/var/folders/hv/vx8jkpfs167dky84l_55rt2c0000gn/T/capture.props -Dfile.encoding=UTF-8 
java_command: Agent
java_class_path (initial): /Library/Java/JavaVirtualMachines/jdk1.8.0_192.jdk/Contents/Home/jre/lib/charsets.jar:/Library/Java/JavaVirtualMachines/jdk1.8.0_192.jdk/Contents/Home/jre/lib/deploy.jar:/Library/Java/JavaVirtualMachines/jdk1.8.0_192.jdk/Contents/Home/jre/lib/ext/cldrdata.jar:/Library/Java/JavaVirtualMachines/jdk1.8.0_192.jdk/Contents/Home/jre/lib/ext/dnsns.jar:/Library/Java/JavaVirtualMachines/jdk1.8.0_192.jdk/Contents/Home/jre/lib/ext/jaccess.jar:/Library/Java/JavaVirtualMachines/jdk1.8.0_192.jdk/Contents/Home/jre/lib/ext/jfxrt.jar:/Library/Java/JavaVirtualMachines/jdk1.8.0_192.jdk/Contents/Home/jre/lib/ext/localedata.jar:/Library/Java/JavaVirtualMachines/jdk1.8.0_192.jdk/Contents/Home/jre/lib/ext/nashorn.jar:/Library/Java/JavaVirtualMachines/jdk1.8.0_192.jdk/Contents/Home/jre/lib/ext/sunec.jar:/Library/Java/JavaVirtualMachines/jdk1.8.0_192.jdk/Contents/Home/jre/lib/ext/sunjce_provider.jar:/Library/Java/JavaVirtualMachines/jdk1.8.0_192.jdk/Contents/Home/jre/lib/ext/sunpkcs11.jar:/Library/Java/JavaVirtualMachines/jdk1.8.0_192.jdk/Contents/Home/jre/lib/ext/zipfs.jar:/Library/Java/JavaVirtualMachines/jdk1.8.0_192.jdk/Contents/Home/jre/lib/javaws.jar:/Library/Java/JavaVirtualMachines/jdk1.8.0_192.jdk/Contents/Home/jre/lib/jce.jar:/Library/Java/JavaVirtualMachines/jdk1.8.0_192.jdk/Contents/Home/jre/lib/jfr.jar:/Library/Java/JavaVirtualMachines/jdk1.8.0_192.jdk/Contents/Home/jre/lib/jfxswt.jar:/Library/Java/JavaVirtualMachines/jdk1.8.0_192.jdk/Contents/Home/jre/lib/jsse.jar:/Library/Java/JavaVirtualMachines/jdk1.8.0_192.jdk/Contents/Home/jre/lib/management-agent.jar:/Library/Java/JavaVirtualMachines/jdk1.8.0_192.jdk/Contents/Home/jre/lib/plugin.jar:/Library/Java/JavaVirtualMachines/jdk1.8.0_192.jdk/Contents/Home/jre/lib/resources.jar:/Library/Java/JavaVirtualMachines/jdk1.8.0_192.jdk/Contents/Home/jre/lib/rt.jar:/Library/Java/JavaVirtualMachines/jdk1.8.0_192.jdk/Contents/Home/lib/ant-javafx.jar:/Library/Java/JavaVirtualMachines/jdk1.8.0_192.jdk/Contents/Home
Launcher Type: SUN_STANDARD

Environment Variables:
PATH=/Library/Frameworks/Python.framework/Versions/3.6/bin:/usr/local/bin:/usr/bin:/bin:/usr/sbin:/sbin
SHELL=/bin/zsh

Signal Handlers:
SIGSEGV: [libjvm.dylib+0x5b67a9], sa_mask[0]=11111111011111110111111111111111, sa_flags=SA_ONSTACK|SA_RESTART|SA_SIGINFO
SIGBUS: [libjvm.dylib+0x5b67a9], sa_mask[0]=11111111011111110111111111111111, sa_flags=SA_RESTART|SA_SIGINFO
SIGFPE: [libjvm.dylib+0x48bf5c], sa_mask[0]=11111111011111110111111111111111, sa_flags=SA_RESTART|SA_SIGINFO
SIGPIPE: [libjvm.dylib+0x48bf5c], sa_mask[0]=11111111011111110111111111111111, sa_flags=SA_RESTART|SA_SIGINFO
SIGXFSZ: [libjvm.dylib+0x48bf5c], sa_mask[0]=11111111011111110111111111111111, sa_flags=SA_RESTART|SA_SIGINFO
SIGILL: [libjvm.dylib+0x48bf5c], sa_mask[0]=11111111011111110111111111111111, sa_flags=SA_RESTART|SA_SIGINFO
SIGUSR1: SIG_DFL, sa_mask[0]=00000000000000000000000000000000, sa_flags=none
SIGUSR2: [libjvm.dylib+0x48ba7a], sa_mask[0]=00100000000000000000000000000000, sa_flags=SA_RESTART|SA_SIGINFO
SIGHUP: [libjvm.dylib+0x48a005], sa_mask[0]=11111111011111110111111111111111, sa_flags=SA_RESTART|SA_SIGINFO
SIGINT: [libjvm.dylib+0x48a005], sa_mask[0]=11111111011111110111111111111111, sa_flags=SA_RESTART|SA_SIGINFO
SIGTERM: [libjvm.dylib+0x48a005], sa_mask[0]=11111111011111110111111111111111, sa_flags=SA_RESTART|SA_SIGINFO
SIGQUIT: [libjvm.dylib+0x48a005], sa_mask[0]=11111111011111110111111111111111, sa_flags=SA_RESTART|SA_SIGINFO


---------------  S Y S T E M  ---------------

OS:Bsduname:Darwin 17.7.0 Darwin Kernel Version 17.7.0: Fri Jul  6 19:54:51 PDT 2018; root:xnu-4570.71.3~2/RELEASE_X86_64 x86_64
rlimit: STACK 8192k, CORE 0k, NPROC 709, NOFILE 10240, AS infinity
load average:3.89 4.58 3.90

CPU:total 8 (initial active 8) (4 cores per cpu, 2 threads per core) family 6 model 142 stepping 10, cmov, cx8, fxsr, mmx, sse, sse2, sse3, ssse3, sse4.1, sse4.2, popcnt, avx, avx2, aes, clmul, erms, 3dnowpref, lzcnt, ht, tsc, tscinvbit, bmi1, bmi2, adx

Memory: 4k page, physical 8388608k(985020k free)

/proc/meminfo:


vm_info: Java HotSpot(TM) 64-Bit Server VM (25.192-b12) for bsd-amd64 JRE (1.8.0_192-b12), built on Oct  6 2018 09:36:52 by "java_re" with gcc 4.2.1 (Based on Apple Inc. build 5658) (LLVM build 2336.11.00)

time: Mon Oct 29 15:56:58 2018
timezone: EDT
elapsed time: 1196 seconds (0d 0h 19m 56s)

